# JRE version: OpenJDK Runtime Environment Temurin-17.0.2+8 (17.0.2+8) (build 17.0.2+8)
# Java VM: OpenJDK 64-Bit Server VM Temurin-17.0.2+8 (17.0.2+8, mixed mode, tiered, compressed oops, compressed class ptrs, g1 gc, windows-amd64)
GC Precious Log:
 CPUs: 4 total, 4 available
 Memory: 3988M
 Large Page Support: Disabled
 NUMA Support: Disabled
 Compressed Oops: Enabled (32-bit)
 Heap Region Size: 1M
 Heap Min Capacity: 8M
 Heap Initial Capacity: 64M
 Heap Max Capacity: 998M
 Pre-touch: Disabled
 Parallel Workers: 4
 Concurrent Workers: 1
 Concurrent Refinement Workers: 4
 Periodic GC: Disabled
Heap:
 garbage-first heap   total 62464K, used 17487K [0x00000000c1a00000, 0x0000000100000000)
  region size 1024K, 7 young (7168K), 5 survivors (5120K)
 Metaspace       used 35987K, committed 36416K, reserved 1081344K
  class space    used 4217K, committed 4416K, reserved 1048576K
GC Heap History (16 events):
Event: 1.916 GC heap before
{Heap before GC invocations=0 (full 0):
 garbage-first heap   total 65536K, used 13312K [0x00000000c1a00000, 0x0000000100000000)
  region size 1024K, 13 young (13312K), 0 survivors (0K)
 Metaspace       used 10482K, committed 10624K, reserved 1064960K
  class space    used 966K, committed 1024K, reserved 1048576K
}
Event: 1.929 GC heap after
{Heap after GC invocations=1 (full 0):
 garbage-first heap   total 65536K, used 5809K [0x00000000c1a00000, 0x0000000100000000)
  region size 1024K, 2 young (2048K), 2 survivors (2048K)
 Metaspace       used 10482K, committed 10624K, reserved 1064960K
  class space    used 966K, committed 1024K, reserved 1048576K
}
Event: 3.025 GC heap before
{Heap before GC invocations=1 (full 0):
 garbage-first heap   total 65536K, used 18097K [0x00000000c1a00000, 0x0000000100000000)
  region size 1024K, 14 young (14336K), 2 survivors (2048K)
 Metaspace       used 14628K, committed 14784K, reserved 1064960K
  class space    used 1509K, committed 1600K, reserved 1048576K
}
Event: 3.041 GC heap after
{Heap after GC invocations=2 (full 0):
 garbage-first heap   total 65536K, used 6981K [0x00000000c1a00000, 0x0000000100000000)
  region size 1024K, 2 young (2048K), 2 survivors (2048K)
 Metaspace       used 14628K, committed 14784K, reserved 1064960K
  class space    used 1509K, committed 1600K, reserved 1048576K
}
Event: 4.589 GC heap before
{Heap before GC invocations=2 (full 0):
 garbage-first heap   total 65536K, used 27461K [0x00000000c1a00000, 0x0000000100000000)
  region size 1024K, 24 young (24576K), 2 survivors (2048K)
 Metaspace       used 21360K, committed 21504K, reserved 1073152K
  class space    used 2288K, committed 2368K, reserved 1048576K
}
Event: 4.600 GC heap after
{Heap after GC invocations=3 (full 0):
 garbage-first heap   total 65536K, used 8815K [0x00000000c1a00000, 0x0000000100000000)
  region size 1024K, 3 young (3072K), 3 survivors (3072K)
 Metaspace       used 21360K, committed 21504K, reserved 1073152K
  class space    used 2288K, committed 2368K, reserved 1048576K
}
Event: 5.694 GC heap before
{Heap before GC invocations=4 (full 0):
 garbage-first heap   total 34816K, used 24175K [0x00000000c1a00000, 0x0000000100000000)
  region size 1024K, 20 young (20480K), 3 survivors (3072K)
 Metaspace       used 25193K, committed 25472K, reserved 1073152K
  class space    used 2802K, committed 2944K, reserved 1048576K
}
Event: 5.713 GC heap after
{Heap after GC invocations=5 (full 0):
 garbage-first heap   total 34816K, used 10803K [0x00000000c1a00000, 0x0000000100000000)
  region size 1024K, 3 young (3072K), 3 survivors (3072K)
 Metaspace       used 25193K, committed 25472K, reserved 1073152K
  class space    used 2802K, committed 2944K, reserved 1048576K
}
Event: 5.740 GC heap before
{Heap before GC invocations=5 (full 0):
 garbage-first heap   total 34816K, used 11827K [0x00000000c1a00000, 0x0000000100000000)
  region size 1024K, 4 young (4096K), 3 survivors (3072K)
 Metaspace       used 25350K, committed 25664K, reserved 1073152K
  class space    used 2816K, committed 2944K, reserved 1048576K
}
Event: 5.748 GC heap after
{Heap after GC invocations=6 (full 0):
 garbage-first heap   total 34816K, used 11137K [0x00000000c1a00000, 0x0000000100000000)
  region size 1024K, 1 young (1024K), 1 survivors (1024K)
 Metaspace       used 25350K, committed 25664K, reserved 1073152K
  class space    used 2816K, committed 2944K, reserved 1048576K
}
Event: 6.561 GC heap before
{Heap before GC invocations=6 (full 0):
 garbage-first heap   total 34816K, used 21377K [0x00000000c1a00000, 0x0000000100000000)
  region size 1024K, 11 young (11264K), 1 survivors (1024K)
 Metaspace       used 26422K, committed 26688K, reserved 1073152K
  class space    used 2940K, committed 3072K, reserved 1048576K
}
Event: 6.568 GC heap after
{Heap after GC invocations=7 (full 0):
 garbage-first heap   total 62464K, used 11888K [0x00000000c1a00000, 0x0000000100000000)
  region size 1024K, 2 young (2048K), 2 survivors (2048K)
 Metaspace       used 26422K, committed 26688K, reserved 1073152K
  class space    used 2940K, committed 3072K, reserved 1048576K
}
Event: 9.214 GC heap before
{Heap before GC invocations=7 (full 0):
 garbage-first heap   total 62464K, used 42608K [0x00000000c1a00000, 0x0000000100000000)
  region size 1024K, 32 young (32768K), 2 survivors (2048K)
 Metaspace       used 31084K, committed 31488K, reserved 1081344K
  class space    used 3579K, committed 3776K, reserved 1048576K
}
Event: 9.237 GC heap after
{Heap after GC invocations=8 (full 0):
 garbage-first heap   total 62464K, used 14290K [0x00000000c1a00000, 0x0000000100000000)
  region size 1024K, 4 young (4096K), 4 survivors (4096K)
 Metaspace       used 31084K, committed 31488K, reserved 1081344K
  class space    used 3579K, committed 3776K, reserved 1048576K
}
Event: 11.077 GC heap before
{Heap before GC invocations=8 (full 0):
 garbage-first heap   total 62464K, used 32722K [0x00000000c1a00000, 0x0000000100000000)
  region size 1024K, 23 young (23552K), 4 survivors (4096K)
 Metaspace       used 35647K, committed 36096K, reserved 1081344K
  class space    used 4176K, committed 4416K, reserved 1048576K
}
Event: 11.107 GC heap after
{Heap after GC invocations=9 (full 0):
 garbage-first heap   total 62464K, used 16463K [0x00000000c1a00000, 0x0000000100000000)
  region size 1024K, 5 young (5120K), 5 survivors (5120K)
 Metaspace       used 35647K, committed 36096K, reserved 1081344K
  class space    used 4176K, committed 4416K, reserved 1048576K
}

